2022-04-08 16:24:31,137 core.exchange.exchange_base - INFO - Start new loop
2022-04-08 16:24:32,533 core.exchange.connector.FMFW_connector - INFO - Successful GET request with post_dict None
2022-04-08 16:24:32,579 core.exchange.connector.FMFW_connector - INFO - Successful GET request with query {'depth': 0, 'symbols': 'RELAYUSDT'}
2022-04-08 16:24:32,595 core.exchange.connector.FMFW_connector - INFO - Successful GET request with query {'symbols': 'RELAYUSDT', 'period': 'M1', 'limit': 1}
2022-04-08 16:24:33,164 core.exchange.exchange_base - INFO - End loop
2022-04-08 16:24:33,212 core.exchange.exchange_base - WARNING - Market not ready, no tickers data. Retrying...
2022-04-08 16:24:33,227 core.exchange.exchange_base - INFO - Start new loop
2022-04-08 16:24:33,651 core.exchange.connector.FMFW_connector - INFO - Successful GET request with query {'depth': 0, 'symbols': 'RELAYUSDT'}
2022-04-08 16:24:33,651 core.exchange.connector.FMFW_connector - INFO - Successful GET request with post_dict None
2022-04-08 16:24:33,651 core.exchange.connector.FMFW_connector - INFO - Successful GET request with query {'symbols': 'RELAYUSDT', 'period': 'M1', 'limit': 1}
2022-04-08 16:24:34,592 core.exchange.connector.FMFW_connector - INFO - Successful GET request with post_dict None
2022-04-08 16:26:23,950 core.exchange.exchange_base - INFO - Start new loop
2022-04-08 16:26:25,898 core.exchange.connector.FMFW_connector - INFO - Successful GET request with post_dict None
2022-04-08 16:26:25,898 core.exchange.connector.FMFW_connector - INFO - Successful GET request with query {'depth': 0, 'symbols': 'RELAYUSDT'}
2022-04-08 16:26:25,962 core.exchange.exchange_base - INFO - End loop
2022-04-08 16:26:26,025 core.exchange.exchange_base - WARNING - Market not ready, no candles data. Retrying...
2022-04-08 16:26:26,057 core.exchange.exchange_base - INFO - Start new loop
2022-04-08 16:26:26,483 core.exchange.connector.FMFW_connector - INFO - Successful GET request with post_dict None
2022-04-08 16:26:26,483 core.exchange.connector.FMFW_connector - INFO - Successful GET request with query {'depth': 0, 'symbols': 'RELAYUSDT'}
2022-04-08 16:26:26,750 core.exchange.connector.FMFW_connector - INFO - Successful GET request with query {'symbols': 'RELAYUSDT', 'period': 'M1', 'limit': 1}
2022-04-08 16:26:26,811 core.exchange.connector.FMFW_connector - INFO - Successful GET request with query {'symbols': 'RELAYUSDT'}
2022-04-08 16:26:26,811 core.exchange.connector.FMFW_connector - INFO - Successful GET request with post_dict None
2022-04-08 16:26:26,923 core.exchange.exchange_base - INFO - Exchange FMFW ready.
2022-04-08 16:26:28,090 core.exchange.exchange_base - INFO - End loop
2022-04-08 16:26:28,122 core.exchange.exchange_base - INFO - Start new loop
2022-04-08 16:26:28,568 core.exchange.connector.FMFW_connector - INFO - Successful GET request with post_dict None
2022-04-08 16:26:28,568 core.exchange.connector.FMFW_connector - INFO - Successful GET request with query {'depth': 0, 'symbols': 'RELAYUSDT'}
2022-04-08 16:26:28,662 core.exchange.connector.FMFW_connector - INFO - Successful GET request with query {'symbols': 'RELAYUSDT', 'period': 'M1', 'limit': 1}
2022-04-08 16:26:28,662 core.exchange.connector.FMFW_connector - INFO - Successful GET request with query {'symbols': 'RELAYUSDT'}
2022-04-08 16:26:28,662 core.exchange.connector.FMFW_connector - INFO - Successful GET request with post_dict None
2022-04-08 16:26:30,168 core.exchange.exchange_base - INFO - End loop
2022-04-08 16:26:30,198 core.exchange.exchange_base - INFO - Start new loop
2022-04-08 16:26:30,641 core.exchange.connector.FMFW_connector - INFO - Successful GET request with post_dict None
2022-04-08 16:26:30,673 core.exchange.connector.FMFW_connector - INFO - Successful GET request with query {'depth': 0, 'symbols': 'RELAYUSDT'}
2022-04-08 16:26:30,720 core.exchange.connector.FMFW_connector - INFO - Successful GET request with query {'symbols': 'RELAYUSDT', 'period': 'M1', 'limit': 1}
2022-04-08 16:26:30,751 core.exchange.connector.FMFW_connector - INFO - Successful GET request with query {'symbols': 'RELAYUSDT'}
2022-04-08 16:26:30,766 core.exchange.connector.FMFW_connector - INFO - Successful GET request with post_dict None
2022-04-08 16:26:32,212 core.exchange.exchange_base - INFO - End loop
2022-04-08 16:26:32,227 core.exchange.exchange_base - INFO - Start new loop
2022-04-08 16:26:32,653 core.exchange.connector.FMFW_connector - INFO - Successful GET request with post_dict None
2022-04-08 16:26:32,685 core.exchange.connector.FMFW_connector - INFO - Successful GET request with query {'depth': 0, 'symbols': 'RELAYUSDT'}
2022-04-08 16:26:32,685 core.exchange.connector.FMFW_connector - INFO - Successful GET request with query {'symbols': 'RELAYUSDT'}
2022-04-08 16:26:32,733 asyncio - ERROR - SSL error in data received
protocol: <asyncio.sslproto.SSLProtocol object at 0x00000199FAB8D060>
transport: <_ProactorSocketTransport fd=772 read=<_OverlappedFuture pending overlapped=<pending, 0x199fab67f40> cb=[_ProactorReadPipeTransport._loop_reading()]>>
Traceback (most recent call last):
  File "C:\Users\KenPC\AppData\Local\Programs\Python\Python310\lib\asyncio\sslproto.py", line 534, in data_received
    ssldata, appdata = self._sslpipe.feed_ssldata(data)
  File "C:\Users\KenPC\AppData\Local\Programs\Python\Python310\lib\asyncio\sslproto.py", line 199, in feed_ssldata
    chunk = self._sslobj.read(self.max_size)
  File "C:\Users\KenPC\AppData\Local\Programs\Python\Python310\lib\ssl.py", line 916, in read
    v = self._sslobj.read(len)
  File "c:\Users\KenPC\Desktop\market-making-bot\memmbot\market_maker\market_maker.py", line 97, in signal_handler
    self._loop.close()
  File "C:\Users\KenPC\AppData\Local\Programs\Python\Python310\lib\asyncio\proactor_events.py", line 677, in close
    raise RuntimeError("Cannot close a running event loop")
RuntimeError: Cannot close a running event loop
2022-04-08 16:26:32,742 core.exchange.connector.FMFW_connector - INFO - Successful GET request with query {'symbols': 'RELAYUSDT', 'period': 'M1', 'limit': 1}
2022-04-09 09:20:52,184 core.exchange.exchange_base - INFO - Start new loop
2022-04-09 09:20:54,193 core.exchange.exchange_base - INFO - End loop
2022-04-09 09:20:54,430 core.exchange.exchange_base - WARNING - Market not ready, no inventory data. Retrying...
2022-04-09 09:20:54,446 core.exchange.exchange_base - INFO - Start new loop
2022-04-09 09:20:55,591 core.exchange.connector.FMFW_connector - INFO - Successful GET request with post_dict None
2022-04-09 09:20:55,766 core.exchange.connector.FMFW_connector - INFO - Successful GET request with query {'symbols': 'RELAYUSDT', 'period': 'M1', 'limit': 1}
2022-04-09 09:20:56,335 core.exchange.connector.FMFW_connector - INFO - Successful GET request with query {'depth': 0, 'symbols': 'RELAYUSDT'}
2022-04-09 09:20:56,463 core.exchange.connector.FMFW_connector - INFO - Successful GET request with query {'symbols': 'RELAYUSDT'}
2022-04-09 09:20:56,478 core.exchange.exchange_base - INFO - End loop
2022-04-09 09:20:56,509 core.exchange.exchange_base - WARNING - Market not ready, no active orders data. Retrying...
2022-04-09 09:20:56,525 core.exchange.exchange_base - INFO - Start new loop
2022-04-09 09:20:56,959 core.exchange.connector.FMFW_connector - INFO - Successful GET request with query {'depth': 0, 'symbols': 'RELAYUSDT'}
2022-04-09 09:20:57,069 core.exchange.connector.FMFW_connector - INFO - Successful GET request with post_dict None
2022-04-09 09:20:57,069 core.exchange.connector.FMFW_connector - INFO - Successful GET request with query {'symbols': 'RELAYUSDT'}
2022-04-09 09:20:57,069 core.exchange.connector.FMFW_connector - INFO - Successful GET request with query {'symbols': 'RELAYUSDT', 'period': 'M1', 'limit': 1}
2022-04-09 09:20:57,972 core.exchange.connector.FMFW_connector - INFO - Successful GET request with post_dict None
2022-04-09 09:20:57,972 core.exchange.exchange_base - INFO - Exchange FMFW ready.
2022-04-09 09:20:58,542 core.exchange.exchange_base - INFO - End loop
2022-04-09 09:20:58,558 core.exchange.exchange_base - INFO - Start new loop
2022-04-09 09:20:58,951 core.exchange.connector.FMFW_connector - INFO - Successful GET request with post_dict None
2022-04-09 09:20:58,951 core.exchange.connector.FMFW_connector - INFO - Successful GET request with query {'depth': 0, 'symbols': 'RELAYUSDT'}
2022-04-09 09:20:58,951 core.exchange.connector.FMFW_connector - INFO - Successful GET request with query {'symbols': 'RELAYUSDT', 'period': 'M1', 'limit': 1}
2022-04-09 09:20:58,966 core.exchange.connector.FMFW_connector - INFO - Successful GET request with query {'symbols': 'RELAYUSDT'}
2022-04-09 09:20:58,982 core.exchange.connector.FMFW_connector - INFO - Successful GET request with post_dict None
2022-04-09 09:21:00,585 core.exchange.exchange_base - INFO - End loop
2022-04-09 09:21:00,601 core.exchange.exchange_base - INFO - Start new loop
2022-04-09 09:21:00,947 core.exchange.connector.FMFW_connector - INFO - Successful GET request with post_dict None
2022-04-09 09:21:01,009 core.exchange.connector.FMFW_connector - INFO - Successful GET request with query {'depth': 0, 'symbols': 'RELAYUSDT'}
2022-04-09 09:21:01,025 core.exchange.connector.FMFW_connector - INFO - Successful GET request with post_dict None
2022-04-09 09:21:01,025 core.exchange.connector.FMFW_connector - INFO - Successful GET request with query {'symbols': 'RELAYUSDT', 'period': 'M1', 'limit': 1}
2022-04-09 09:21:01,025 core.exchange.connector.FMFW_connector - INFO - Successful GET request with query {'symbols': 'RELAYUSDT'}
2022-04-09 09:21:02,631 core.exchange.exchange_base - INFO - End loop
2022-04-09 09:21:02,647 core.exchange.exchange_base - INFO - Start new loop
2022-04-09 09:21:03,027 core.exchange.connector.FMFW_connector - INFO - Successful GET request with post_dict None
2022-04-09 09:21:03,027 core.exchange.connector.FMFW_connector - INFO - Successful GET request with query {'depth': 0, 'symbols': 'RELAYUSDT'}
2022-04-09 09:21:03,028 core.exchange.connector.FMFW_connector - INFO - Successful GET request with query {'symbols': 'RELAYUSDT', 'period': 'M1', 'limit': 1}
2022-04-09 09:21:03,105 core.exchange.connector.FMFW_connector - INFO - Successful GET request with query {'symbols': 'RELAYUSDT'}
2022-04-09 09:21:03,105 core.exchange.connector.FMFW_connector - INFO - Successful GET request with post_dict None
2022-04-09 09:21:04,672 core.exchange.exchange_base - INFO - End loop
2022-04-09 09:21:04,704 core.exchange.exchange_base - INFO - Start new loop
2022-04-09 09:21:05,069 core.exchange.connector.FMFW_connector - INFO - Successful GET request with post_dict None
2022-04-09 09:21:05,149 core.exchange.connector.FMFW_connector - INFO - Successful GET request with query {'depth': 0, 'symbols': 'RELAYUSDT'}
2022-04-09 09:21:05,149 core.exchange.connector.FMFW_connector - INFO - Successful GET request with query {'symbols': 'RELAYUSDT', 'period': 'M1', 'limit': 1}
2022-04-09 09:21:05,180 core.exchange.connector.FMFW_connector - INFO - Successful GET request with post_dict None
2022-04-09 09:21:05,811 core.exchange.connector.FMFW_connector - INFO - Successful GET request with query {'symbols': 'RELAYUSDT'}
2022-04-09 09:21:06,740 core.exchange.exchange_base - INFO - End loop
2022-04-09 09:21:06,756 core.exchange.exchange_base - INFO - Start new loop
2022-04-09 09:21:07,232 core.exchange.connector.FMFW_connector - INFO - Successful GET request with query {'depth': 0, 'symbols': 'RELAYUSDT'}
2022-04-09 09:21:07,232 core.exchange.connector.FMFW_connector - INFO - Successful GET request with post_dict None
2022-04-09 09:21:07,232 core.exchange.connector.FMFW_connector - INFO - Successful GET request with query {'symbols': 'RELAYUSDT'}
2022-04-09 09:21:07,264 core.exchange.connector.FMFW_connector - INFO - Successful GET request with query {'symbols': 'RELAYUSDT', 'period': 'M1', 'limit': 1}
2022-04-09 09:21:07,264 core.exchange.connector.FMFW_connector - INFO - Successful GET request with post_dict None
2022-04-09 09:21:08,795 core.exchange.exchange_base - INFO - End loop
2022-04-09 09:21:08,811 core.exchange.exchange_base - INFO - Start new loop
2022-04-09 09:21:09,203 core.exchange.connector.FMFW_connector - INFO - Successful GET request with post_dict None
2022-04-09 09:21:09,218 core.exchange.connector.FMFW_connector - INFO - Successful GET request with query {'depth': 0, 'symbols': 'RELAYUSDT'}
2022-04-09 09:21:09,249 core.exchange.connector.FMFW_connector - INFO - Successful GET request with query {'symbols': 'RELAYUSDT', 'period': 'M1', 'limit': 1}
2022-04-09 09:21:09,249 core.exchange.connector.FMFW_connector - INFO - Successful GET request with query {'symbols': 'RELAYUSDT'}
2022-04-09 09:21:09,294 core.exchange.connector.FMFW_connector - INFO - Successful GET request with post_dict None
2022-04-09 09:21:10,838 core.exchange.exchange_base - INFO - End loop
2022-04-09 09:21:10,854 core.exchange.exchange_base - INFO - Start new loop
2022-04-09 09:21:11,183 core.exchange.connector.FMFW_connector - INFO - Successful GET request with query {'depth': 0, 'symbols': 'RELAYUSDT'}
2022-04-09 09:21:11,215 core.exchange.connector.FMFW_connector - INFO - Successful GET request with query {'symbols': 'RELAYUSDT', 'period': 'M1', 'limit': 1}
2022-04-09 09:21:11,245 core.exchange.connector.FMFW_connector - INFO - Successful GET request with query {'symbols': 'RELAYUSDT'}
2022-04-09 09:21:11,245 core.exchange.connector.FMFW_connector - INFO - Successful GET request with post_dict None
2022-04-09 09:21:11,276 core.exchange.connector.FMFW_connector - INFO - Successful GET request with post_dict None
2022-04-09 09:21:36,923 core.exchange.exchange_base - INFO - Start new loop
2022-04-09 09:21:38,241 core.exchange.connector.FMFW_connector - INFO - Successful GET request with query {'symbols': 'RELAYUSDT'}
2022-04-09 09:21:38,321 core.exchange.connector.FMFW_connector - INFO - Successful GET request with query {'symbols': 'RELAYUSDT', 'period': 'M1', 'limit': 1}
2022-04-09 09:21:38,369 core.exchange.connector.FMFW_connector - INFO - Successful GET request with post_dict None
2022-04-09 09:21:38,369 core.exchange.connector.FMFW_connector - INFO - Successful GET request with post_dict None
2022-04-09 09:21:38,978 core.exchange.connector.FMFW_connector - INFO - Successful GET request with query {'depth': 0, 'symbols': 'RELAYUSDT'}
2022-04-09 09:21:38,978 core.exchange.exchange_base - INFO - End loop
2022-04-09 09:21:38,978 core.exchange.exchange_base - INFO - Exchange FMFW ready.
2022-04-09 09:21:38,979 core.exchange.exchange_base - INFO - Start new loop
2022-04-09 09:21:39,338 core.exchange.connector.FMFW_connector - INFO - Successful GET request with query {'depth': 0, 'symbols': 'RELAYUSDT'}
2022-04-09 09:21:39,338 core.exchange.connector.FMFW_connector - INFO - Successful GET request with post_dict None
2022-04-09 09:21:39,339 core.exchange.connector.FMFW_connector - INFO - Successful GET request with query {'symbols': 'RELAYUSDT', 'period': 'M1', 'limit': 1}
2022-04-09 09:21:39,353 core.exchange.connector.FMFW_connector - INFO - Successful GET request with query {'symbols': 'RELAYUSDT'}
2022-04-09 09:21:39,353 core.exchange.connector.FMFW_connector - INFO - Successful GET request with post_dict None
2022-04-09 09:21:40,998 core.exchange.exchange_base - INFO - End loop
2022-04-09 09:21:41,014 core.exchange.exchange_base - INFO - Start new loop
2022-04-09 09:21:41,392 core.exchange.connector.FMFW_connector - INFO - Successful GET request with post_dict None
2022-04-09 09:21:41,423 core.exchange.connector.FMFW_connector - INFO - Successful GET request with query {'depth': 0, 'symbols': 'RELAYUSDT'}
2022-04-09 09:21:41,424 core.exchange.connector.FMFW_connector - INFO - Successful GET request with query {'symbols': 'RELAYUSDT', 'period': 'M1', 'limit': 1}
2022-04-09 09:21:41,501 core.exchange.connector.FMFW_connector - INFO - Successful GET request with query {'symbols': 'RELAYUSDT'}
2022-04-09 09:21:41,517 core.exchange.connector.FMFW_connector - INFO - Successful GET request with post_dict None
2022-04-09 09:21:43,065 core.exchange.exchange_base - INFO - End loop
2022-04-09 09:21:43,097 core.exchange.exchange_base - INFO - Start new loop
2022-04-09 09:21:43,459 core.exchange.connector.FMFW_connector - INFO - Successful GET request with query {'depth': 0, 'symbols': 'RELAYUSDT'}
2022-04-09 09:21:43,491 core.exchange.connector.FMFW_connector - INFO - Successful GET request with query {'symbols': 'RELAYUSDT', 'period': 'M1', 'limit': 1}
2022-04-09 09:21:43,569 core.exchange.connector.FMFW_connector - INFO - Successful GET request with post_dict None
2022-04-09 09:21:43,600 core.exchange.connector.FMFW_connector - INFO - Successful GET request with query {'symbols': 'RELAYUSDT'}
2022-04-09 09:21:43,600 core.exchange.connector.FMFW_connector - INFO - Successful GET request with post_dict None
2022-04-09 09:21:45,131 core.exchange.exchange_base - INFO - End loop
2022-04-09 09:21:45,147 core.exchange.exchange_base - INFO - Start new loop
2022-04-09 09:21:45,555 core.exchange.connector.FMFW_connector - INFO - Successful GET request with post_dict None
2022-04-09 09:21:45,665 core.exchange.connector.FMFW_connector - INFO - Successful GET request with query {'depth': 0, 'symbols': 'RELAYUSDT'}
2022-04-09 09:21:45,696 core.exchange.connector.FMFW_connector - INFO - Successful GET request with query {'symbols': 'RELAYUSDT', 'period': 'M1', 'limit': 1}
2022-04-09 09:21:45,696 core.exchange.connector.FMFW_connector - INFO - Successful GET request with query {'symbols': 'RELAYUSDT'}
2022-04-09 09:21:45,743 core.exchange.connector.FMFW_connector - INFO - Successful GET request with post_dict None
2022-04-09 09:21:47,166 core.exchange.exchange_base - INFO - End loop
2022-04-09 09:21:47,197 core.exchange.exchange_base - INFO - Start new loop
2022-04-09 09:21:47,571 core.exchange.connector.FMFW_connector - INFO - Successful GET request with query {'depth': 0, 'symbols': 'RELAYUSDT'}
2022-04-09 09:21:47,603 core.exchange.connector.FMFW_connector - INFO - Successful GET request with query {'symbols': 'RELAYUSDT', 'period': 'M1', 'limit': 1}
2022-04-09 09:21:47,682 core.exchange.connector.FMFW_connector - INFO - Successful GET request with query {'symbols': 'RELAYUSDT'}
2022-04-09 09:21:47,682 core.exchange.connector.FMFW_connector - INFO - Successful GET request with post_dict None
2022-04-09 09:21:47,682 core.exchange.connector.FMFW_connector - INFO - Successful GET request with post_dict None
2022-04-09 09:21:49,213 core.exchange.exchange_base - INFO - End loop
2022-04-09 09:21:49,229 core.exchange.exchange_base - INFO - Start new loop
2022-04-09 09:21:49,604 core.exchange.connector.FMFW_connector - INFO - Successful GET request with query {'depth': 0, 'symbols': 'RELAYUSDT'}
2022-04-09 09:21:49,665 core.exchange.connector.FMFW_connector - INFO - Successful GET request with query {'symbols': 'RELAYUSDT'}
2022-04-09 09:21:49,665 core.exchange.connector.FMFW_connector - INFO - Successful GET request with query {'symbols': 'RELAYUSDT', 'period': 'M1', 'limit': 1}
2022-04-09 09:21:49,695 core.exchange.connector.FMFW_connector - INFO - Successful GET request with post_dict None
2022-04-09 09:21:49,961 core.exchange.connector.FMFW_connector - INFO - Successful GET request with post_dict None
2022-04-09 09:21:51,251 core.exchange.exchange_base - INFO - End loop
2022-04-09 09:21:51,266 core.exchange.exchange_base - INFO - Start new loop
2022-04-09 09:21:51,612 core.exchange.connector.FMFW_connector - INFO - Successful GET request with post_dict None
2022-04-09 09:21:51,627 core.exchange.connector.FMFW_connector - INFO - Successful GET request with query {'depth': 0, 'symbols': 'RELAYUSDT'}
2022-04-09 09:21:51,753 core.exchange.connector.FMFW_connector - INFO - Successful GET request with query {'symbols': 'RELAYUSDT'}
2022-04-09 09:21:51,769 core.exchange.connector.FMFW_connector - INFO - Successful GET request with post_dict None
2022-04-09 09:21:51,769 core.exchange.connector.FMFW_connector - INFO - Successful GET request with query {'symbols': 'RELAYUSDT', 'period': 'M1', 'limit': 1}
2022-04-09 09:21:53,289 core.exchange.exchange_base - INFO - End loop
2022-04-09 09:21:53,304 core.exchange.exchange_base - INFO - Start new loop
2022-04-09 09:21:53,698 core.exchange.connector.FMFW_connector - INFO - Successful GET request with query {'depth': 0, 'symbols': 'RELAYUSDT'}
2022-04-09 09:21:53,744 core.exchange.connector.FMFW_connector - INFO - Successful GET request with post_dict None
2022-04-09 09:21:53,744 core.exchange.connector.FMFW_connector - INFO - Successful GET request with query {'symbols': 'RELAYUSDT'}
2022-04-09 09:21:53,745 core.exchange.connector.FMFW_connector - INFO - Successful GET request with post_dict None
2022-04-09 09:21:53,745 core.exchange.connector.FMFW_connector - INFO - Successful GET request with query {'symbols': 'RELAYUSDT', 'period': 'M1', 'limit': 1}
2022-04-09 09:21:55,330 core.exchange.exchange_base - INFO - End loop
2022-04-09 09:21:55,346 core.exchange.exchange_base - INFO - Start new loop
2022-04-09 09:21:55,741 core.exchange.connector.FMFW_connector - INFO - Successful GET request with post_dict None
2022-04-09 09:21:55,741 core.exchange.connector.FMFW_connector - INFO - Successful GET request with query {'depth': 0, 'symbols': 'RELAYUSDT'}
2022-04-09 09:21:55,820 core.exchange.connector.FMFW_connector - INFO - Successful GET request with query {'symbols': 'RELAYUSDT', 'period': 'M1', 'limit': 1}
2022-04-09 09:21:55,900 core.exchange.connector.FMFW_connector - INFO - Successful GET request with post_dict None
2022-04-09 09:21:55,916 core.exchange.connector.FMFW_connector - INFO - Successful GET request with query {'symbols': 'RELAYUSDT'}
2022-04-09 09:21:57,385 core.exchange.exchange_base - INFO - End loop
2022-04-09 09:21:57,401 core.exchange.exchange_base - INFO - Start new loop
2022-04-09 09:21:57,792 core.exchange.connector.FMFW_connector - INFO - Successful GET request with query {'symbols': 'RELAYUSDT', 'period': 'M1', 'limit': 1}
2022-04-09 09:21:57,792 core.exchange.connector.FMFW_connector - INFO - Successful GET request with query {'symbols': 'RELAYUSDT'}
2022-04-09 09:21:57,808 core.exchange.connector.FMFW_connector - INFO - Successful GET request with post_dict None
2022-04-09 09:21:57,872 core.exchange.connector.FMFW_connector - INFO - Successful GET request with post_dict None
2022-04-09 09:21:57,872 core.exchange.connector.FMFW_connector - INFO - Successful GET request with query {'depth': 0, 'symbols': 'RELAYUSDT'}
2022-04-09 09:21:59,404 core.exchange.exchange_base - INFO - End loop
2022-04-09 09:21:59,436 core.exchange.exchange_base - INFO - Start new loop
2022-04-09 09:21:59,812 core.exchange.connector.FMFW_connector - INFO - Successful GET request with query {'depth': 0, 'symbols': 'RELAYUSDT'}
2022-04-09 09:21:59,908 core.exchange.connector.FMFW_connector - INFO - Successful GET request with query {'symbols': 'RELAYUSDT', 'period': 'M1', 'limit': 1}
2022-04-09 09:21:59,924 core.exchange.connector.FMFW_connector - INFO - Successful GET request with query {'symbols': 'RELAYUSDT'}
2022-04-09 09:21:59,956 core.exchange.connector.FMFW_connector - INFO - Successful GET request with post_dict None
2022-04-09 09:21:59,956 core.exchange.connector.FMFW_connector - INFO - Successful GET request with post_dict None
2022-04-09 09:22:01,460 core.exchange.exchange_base - INFO - End loop
2022-04-09 09:22:01,507 core.exchange.exchange_base - INFO - Start new loop
2022-04-09 09:22:01,841 core.exchange.connector.FMFW_connector - INFO - Successful GET request with post_dict None
2022-04-09 09:22:01,934 core.exchange.connector.FMFW_connector - INFO - Successful GET request with query {'symbols': 'RELAYUSDT', 'period': 'M1', 'limit': 1}
2022-04-09 09:22:01,965 core.exchange.connector.FMFW_connector - INFO - Successful GET request with post_dict None
2022-04-09 09:22:01,965 core.exchange.connector.FMFW_connector - INFO - Successful GET request with query {'depth': 0, 'symbols': 'RELAYUSDT'}
2022-04-09 09:22:01,966 core.exchange.connector.FMFW_connector - INFO - Successful GET request with query {'symbols': 'RELAYUSDT'}
2022-04-09 09:22:03,533 core.exchange.exchange_base - INFO - End loop
2022-04-09 09:22:03,549 core.exchange.exchange_base - INFO - Start new loop
2022-04-09 09:22:03,896 core.exchange.connector.FMFW_connector - INFO - Successful GET request with query {'symbols': 'RELAYUSDT', 'period': 'M1', 'limit': 1}
2022-04-09 09:22:03,911 core.exchange.connector.FMFW_connector - INFO - Successful GET request with post_dict None
2022-04-09 09:22:03,911 core.exchange.connector.FMFW_connector - INFO - Successful GET request with query {'symbols': 'RELAYUSDT'}
2022-04-09 09:22:03,911 core.exchange.connector.FMFW_connector - INFO - Successful GET request with query {'depth': 0, 'symbols': 'RELAYUSDT'}
2022-04-09 09:22:03,989 core.exchange.connector.FMFW_connector - INFO - Successful GET request with post_dict None
2022-04-09 09:22:05,590 core.exchange.exchange_base - INFO - End loop
2022-04-09 09:22:05,607 core.exchange.exchange_base - INFO - Start new loop
2022-04-09 09:22:06,031 core.exchange.connector.FMFW_connector - INFO - Successful GET request with query {'symbols': 'RELAYUSDT'}
2022-04-09 09:22:06,062 core.exchange.connector.FMFW_connector - INFO - Successful GET request with post_dict None
2022-04-09 09:22:06,125 core.exchange.connector.FMFW_connector - INFO - Successful GET request with query {'symbols': 'RELAYUSDT', 'period': 'M1', 'limit': 1}
2022-04-09 09:22:06,125 core.exchange.connector.FMFW_connector - INFO - Successful GET request with post_dict None
2022-04-09 09:22:06,125 core.exchange.connector.FMFW_connector - INFO - Successful GET request with query {'depth': 0, 'symbols': 'RELAYUSDT'}
2022-04-09 09:22:07,637 core.exchange.exchange_base - INFO - End loop
2022-04-09 09:22:07,653 core.exchange.exchange_base - INFO - Start new loop
2022-04-09 09:22:08,001 core.exchange.connector.FMFW_connector - INFO - Successful GET request with post_dict None
2022-04-09 09:22:08,079 core.exchange.connector.FMFW_connector - INFO - Successful GET request with query {'symbols': 'RELAYUSDT', 'period': 'M1', 'limit': 1}
2022-04-09 09:22:08,079 core.exchange.connector.FMFW_connector - INFO - Successful GET request with query {'depth': 0, 'symbols': 'RELAYUSDT'}
2022-04-09 09:22:08,079 core.exchange.connector.FMFW_connector - INFO - Successful GET request with query {'symbols': 'RELAYUSDT'}
2022-04-09 09:22:08,095 core.exchange.connector.FMFW_connector - INFO - Successful GET request with post_dict None
2022-04-09 09:22:09,675 core.exchange.exchange_base - INFO - End loop
2022-04-09 09:22:09,706 core.exchange.exchange_base - INFO - Start new loop
2022-04-09 09:22:10,040 core.exchange.connector.FMFW_connector - INFO - Successful GET request with post_dict None
2022-04-09 09:22:10,040 core.exchange.connector.FMFW_connector - INFO - Successful GET request with query {'depth': 0, 'symbols': 'RELAYUSDT'}
2022-04-09 09:22:10,101 core.exchange.connector.FMFW_connector - INFO - Successful GET request with query {'symbols': 'RELAYUSDT'}
2022-04-09 09:22:10,147 core.exchange.connector.FMFW_connector - INFO - Successful GET request with query {'symbols': 'RELAYUSDT', 'period': 'M1', 'limit': 1}
2022-04-09 09:22:10,195 core.exchange.connector.FMFW_connector - INFO - Successful GET request with post_dict None
2022-04-09 09:22:11,743 core.exchange.exchange_base - INFO - End loop
2022-04-09 09:22:11,759 core.exchange.exchange_base - INFO - Start new loop
2022-04-09 09:22:12,120 core.exchange.connector.FMFW_connector - INFO - Successful GET request with post_dict None
2022-04-09 09:22:12,215 core.exchange.connector.FMFW_connector - INFO - Successful GET request with post_dict None
2022-04-09 09:22:12,246 core.exchange.connector.FMFW_connector - INFO - Successful GET request with query {'symbols': 'RELAYUSDT', 'period': 'M1', 'limit': 1}
2022-04-09 09:22:12,276 core.exchange.connector.FMFW_connector - INFO - Successful GET request with query {'symbols': 'RELAYUSDT'}
2022-04-09 09:22:12,276 core.exchange.connector.FMFW_connector - INFO - Successful GET request with query {'depth': 0, 'symbols': 'RELAYUSDT'}
2022-04-09 09:22:13,793 core.exchange.exchange_base - INFO - End loop
2022-04-09 09:22:13,803 core.exchange.exchange_base - INFO - Start new loop
2022-04-09 09:22:14,160 core.exchange.connector.FMFW_connector - INFO - Successful GET request with post_dict None
2022-04-09 09:22:14,207 core.exchange.connector.FMFW_connector - INFO - Successful GET request with query {'depth': 0, 'symbols': 'RELAYUSDT'}
2022-04-09 09:22:14,207 core.exchange.connector.FMFW_connector - INFO - Successful GET request with post_dict None
2022-04-09 09:22:14,269 core.exchange.connector.FMFW_connector - INFO - Successful GET request with query {'symbols': 'RELAYUSDT', 'period': 'M1', 'limit': 1}
2022-04-09 09:22:14,365 core.exchange.connector.FMFW_connector - INFO - Successful GET request with query {'symbols': 'RELAYUSDT'}
2022-04-09 09:22:15,833 core.exchange.exchange_base - INFO - End loop
2022-04-09 09:22:15,847 core.exchange.exchange_base - INFO - Start new loop
2022-04-09 09:22:16,260 core.exchange.connector.FMFW_connector - INFO - Successful GET request with post_dict None
2022-04-09 09:22:16,260 core.exchange.connector.FMFW_connector - INFO - Successful GET request with query {'symbols': 'RELAYUSDT'}
2022-04-09 09:22:16,260 core.exchange.connector.FMFW_connector - INFO - Successful GET request with query {'symbols': 'RELAYUSDT', 'period': 'M1', 'limit': 1}
2022-04-09 09:22:16,292 core.exchange.connector.FMFW_connector - INFO - Successful GET request with query {'depth': 0, 'symbols': 'RELAYUSDT'}
2022-04-09 09:22:16,292 core.exchange.connector.FMFW_connector - INFO - Successful GET request with post_dict None
2022-04-11 10:49:29,234 core.exchange.exchange_base - INFO - Start new loop
2022-04-11 10:49:31,187 core.exchange.connector.FMFW_connector - INFO - Successful GET request with query {'symbols': 'RELAYUSDT'}
2022-04-11 10:49:31,250 core.exchange.exchange_base - INFO - End loop
2022-04-11 10:49:31,313 core.exchange.exchange_base - WARNING - Market not ready, no inventory data. Retrying...
2022-04-11 10:49:31,329 core.exchange.exchange_base - INFO - Start new loop
2022-04-11 10:49:32,068 core.exchange.connector.FMFW_connector - INFO - Successful GET request with post_dict None
2022-04-11 10:49:32,271 core.exchange.connector.FMFW_connector - INFO - Successful GET request with query {'depth': 0, 'symbols': 'RELAYUSDT'}
2022-04-11 10:49:33,026 core.exchange.connector.FMFW_connector - INFO - Successful GET request with query {'symbols': 'RELAYUSDT', 'period': 'M1', 'limit': 1}
2022-04-11 10:49:33,105 core.exchange.connector.FMFW_connector - INFO - Successful GET request with query {'symbols': 'RELAYUSDT'}
2022-04-11 10:49:33,199 core.exchange.connector.FMFW_connector - INFO - Successful GET request with post_dict None
2022-04-11 10:49:33,214 core.exchange.exchange_base - INFO - Exchange FMFW ready.
2022-04-11 10:49:33,352 core.exchange.exchange_base - INFO - End loop
2022-04-11 10:49:33,368 core.exchange.exchange_base - INFO - Start new loop
2022-04-11 10:49:33,742 core.exchange.connector.FMFW_connector - INFO - Successful GET request with post_dict None
2022-04-11 10:49:33,742 core.exchange.connector.FMFW_connector - INFO - Successful GET request with query {'depth': 0, 'symbols': 'RELAYUSDT'}
2022-04-11 10:49:33,789 core.exchange.connector.FMFW_connector - INFO - Successful GET request with query {'symbols': 'RELAYUSDT', 'period': 'M1', 'limit': 1}
2022-04-11 10:49:33,913 core.exchange.connector.FMFW_connector - INFO - Successful GET request with query {'symbols': 'RELAYUSDT'}
2022-04-11 10:49:33,913 core.exchange.connector.FMFW_connector - INFO - Successful GET request with post_dict None
2022-04-11 10:49:35,390 core.exchange.exchange_base - INFO - End loop
2022-04-11 10:49:35,405 core.exchange.exchange_base - INFO - Start new loop
2022-04-11 10:49:35,828 core.exchange.connector.FMFW_connector - INFO - Successful GET request with query {'depth': 0, 'symbols': 'RELAYUSDT'}
2022-04-11 10:49:35,874 core.exchange.connector.FMFW_connector - INFO - Successful GET request with post_dict None
2022-04-11 10:49:35,936 core.exchange.connector.FMFW_connector - INFO - Successful GET request with query {'symbols': 'RELAYUSDT'}
2022-04-11 10:49:35,968 core.exchange.connector.FMFW_connector - INFO - Successful GET request with query {'symbols': 'RELAYUSDT', 'period': 'M1', 'limit': 1}
2022-04-11 10:49:36,014 core.exchange.connector.FMFW_connector - INFO - Successful GET request with post_dict None
